[00:13:17] [main/INFO]: Setting user: Player433
[00:13:18] [Client thread/INFO]: LWJGL Version: 2.9.1
[00:13:30] [Client thread/INFO]: Reloading ResourceManager: Default, FMLFileResourcePack:Forge Mod Loader, FMLFileResourcePack:Minecraft Forge
[00:13:31] [Sound Library Loader/INFO]: Sound engine started
[00:13:31] [Client thread/INFO]: Created: 16x16 textures/blocks-atlas
[00:13:31] [Client thread/INFO]: Created: 16x16 textures/items-atlas
[00:13:32] [Client thread/INFO]: Reloading ResourceManager: Default, FMLFileResourcePack:Forge Mod Loader, FMLFileResourcePack:Minecraft Forge
[00:13:32] [Client thread/INFO]: Created: 512x256 textures/blocks-atlas
[00:13:32] [Client thread/INFO]: Created: 256x256 textures/items-atlas
[00:13:33] [Sound Library Loader/INFO]: Sound engine started
[00:14:50] [Server thread/INFO]: Starting integrated minecraft server version 1.7.10
[00:14:50] [Server thread/INFO]: Generating keypair
[00:14:51] [Server thread/INFO]: Preparing start region for level 0
[00:14:52] [Server thread/INFO]: Changing view distance to 12, from 10
[00:14:52] [Server thread/INFO]: Player433[local:E:1a10180b] logged in with entity id 304 at (-275.062846046178, 66.0, 174.31727557802228)
[00:14:52] [Server thread/INFO]: Player433 joined the game
[00:15:59] [Server thread/INFO]: Saving and pausing game...
[00:15:59] [Server thread/INFO]: Saving chunks for level 'New World'/Overworld
[00:15:59] [Server thread/INFO]: Saving chunks for level 'New World'/Nether
[00:15:59] [Server thread/INFO]: Saving chunks for level 'New World'/The End
[00:17:04] [Server thread/INFO]: Stopping server
[00:17:04] [Server thread/INFO]: Saving players
[00:17:04] [Server thread/INFO]: Saving worlds
[00:17:04] [Server thread/INFO]: Saving chunks for level 'New World'/Overworld
[00:17:04] [Server thread/INFO]: Saving chunks for level 'New World'/Nether
[00:17:04] [Server thread/INFO]: Saving chunks for level 'New World'/The End
[00:17:06] [Client thread/INFO]: Stopping!
